<?xml version="1.0" encoding="UTF-8"?>
<!-- Generated by org.testng.reporters.JUnitXMLReporter -->
<testsuite hostname="IN01LAP00082" name="Test" tests="2" failures="1" timestamp="11 Jun 2019 02:45:50 GMT" time="31.854" errors="0">
  <testcase name="loginWithValidCredentials" time="8.703" classname="pageTests.LoginPage">
    <failure type="java.lang.AssertionError" message="expected [OrangeHRM3] but found [OrangeHRM]">
      <![CDATA[java.lang.AssertionError: expected [OrangeHRM3] but found [OrangeHRM]
	at pageTests.LoginPage.loginWithValidCredentials(LoginPage.java:45)
... Removed 28 stack frames]]>
    </failure>
  </testcase> <!-- loginWithValidCredentials -->
  <testcase name="loginWithInvalidCredentials" time="2.087" classname="pageTests.LoginPage"/>
</testsuite> <!-- Test -->
